{
  "RSpec": {
    "coverage": {
      "/Users/rebeccalelew/Projects/tech-tests/game-of-life/spec/features/game_of_life_feature_spec.rb": [
        1,
        1,
        1,
        1,
        1,
        1,
        null,
        null,
        1,
        1,
        1,
        null,
        null,
        1,
        1,
        1,
        null,
        null,
        1,
        1,
        1,
        null,
        null,
        null,
        null,
        null
      ],
      "/Users/rebeccalelew/Projects/tech-tests/game-of-life/lib/game.rb": [
        1,
        1,
        1,
        1,
        1,
        null,
        1,
        11,
        11,
        null,
        null,
        1,
        11,
        11,
        11,
        null,
        null,
        1,
        22,
        109,
        109,
        null,
        null,
        null,
        1,
        null,
        1,
        109,
        32,
        null,
        77,
        null,
        null,
        null
      ],
      "/Users/rebeccalelew/Projects/tech-tests/game-of-life/lib/neighbours_module.rb": [
        1,
        1,
        0,
        null,
        0,
        0,
        0,
        null,
        null
      ],
      "/Users/rebeccalelew/Projects/tech-tests/game-of-life/lib/grid.rb": [
        1,
        null,
        1,
        1,
        null,
        1,
        9,
        null,
        null,
        1,
        8,
        8,
        20,
        null,
        115,
        null,
        null,
        null,
        null,
        null
      ],
      "/Users/rebeccalelew/Projects/tech-tests/game-of-life/spec/game_spec.rb": [
        1,
        1,
        1,
        4,
        4,
        null,
        null,
        2,
        2,
        null,
        null,
        null,
        null,
        1,
        1,
        null,
        1,
        null,
        null,
        1,
        1,
        null,
        1,
        null,
        null,
        1,
        1,
        null,
        1,
        null,
        null,
        1,
        1,
        null,
        1,
        null,
        null,
        null,
        1,
        4,
        4,
        null,
        null,
        null,
        null,
        1,
        1,
        null,
        1,
        null,
        null,
        1,
        1,
        null,
        1,
        null,
        null,
        1,
        1,
        null,
        1,
        null,
        null,
        null
      ],
      "/Users/rebeccalelew/Projects/tech-tests/game-of-life/spec/grid_spec.rb": [
        1,
        null,
        1,
        1,
        1,
        1,
        null,
        null,
        1,
        1,
        1,
        null,
        null,
        null,
        null,
        null,
        1,
        1,
        1,
        null,
        null,
        null,
        null,
        null,
        null,
        null,
        null,
        null,
        null,
        1,
        1,
        1,
        null,
        null,
        null,
        null,
        null,
        null,
        null,
        null,
        1,
        1,
        1,
        null,
        null
      ],
      "/Users/rebeccalelew/Projects/tech-tests/game-of-life/spec/neighbours_module_spec.rb": [
        1,
        1,
        null,
        1,
        1,
        null,
        null,
        null,
        null,
        null,
        null
      ],
      "/Users/rebeccalelew/Projects/tech-tests/game-of-life/lib/Neighbours_module.rb": [
        1,
        1,
        130,
        null,
        130,
        3250,
        130,
        null,
        null
      ]
    },
    "timestamp": 1544114727
  }
}
